<?xml version="1.0" encoding="UTF-8"?>
<!-- Generated by org.testng.reporters.JUnitReportReporter -->
<testsuite hostname="ERMINA-PRECISION" failures="0" tests="1" name="co.edureka.TestClass" time="12.232" errors="0" timestamp="2023-03-23T10:24:01 PDT" skipped="0">
  <testcase classname="co.edureka.TestClass" name="testing" time="12.232"/>
  <system-out/>
</testsuite> <!-- co.edureka.TestClass -->
