<?xml version="1.0" encoding="UTF-8"?>
<!-- Generated by org.testng.reporters.JUnitReportReporter -->
<testsuite hostname="ERMINA-PRECISION" failures="0" tests="1" name="co.edureka.TestClass" time="12.318" errors="0" timestamp="2023-04-21T11:02:47 PDT" skipped="0">
  <testcase classname="co.edureka.TestClass" name="testing" time="12.318"/>
  <system-out/>
</testsuite> <!-- co.edureka.TestClass -->
